SF:lib\core\error\failure.dart
DA:6,1
DA:8,0
DA:9,0
DA:13,0
DA:18,1
DA:22,0
LF:6
LH:2
end_of_record
SF:lib\features\auth\domain\use_case\user_login_usecase.dart
DA:11,3
DA:14,0
DA:15,1
DA:16,3
DA:22,1
DA:25,1
DA:27,2
DA:28,1
DA:29,1
LF:9
LH:8
end_of_record
SF:lib\app\constant\api_endpoints.dart
DA:2,0
LF:1
LH:0
end_of_record
SF:lib\app\constant\hive_table_constant.dart
DA:2,0
LF:1
LH:0
end_of_record
SF:lib\app\service_locator\service_locator.dart
DA:14,0
DA:16,0
DA:17,0
DA:18,0
DA:19,0
DA:21,0
DA:22,0
DA:25,0
DA:27,0
DA:29,0
DA:32,0
DA:34,0
DA:35,0
DA:38,0
DA:39,0
DA:43,0
DA:44,0
DA:45,0
DA:49,0
DA:50,0
DA:51,0
DA:56,0
DA:57,0
DA:58,0
DA:62,0
DA:63,0
DA:64,0
DA:69,0
DA:70,0
DA:71,0
DA:75,0
DA:76,0
LF:32
LH:0
end_of_record
SF:lib\core\network\api_sevice.dart
DA:10,0
DA:12,0
DA:13,0
DA:14,0
DA:15,0
DA:16,0
DA:17,0
DA:18,0
DA:19,0
DA:25,0
LF:10
LH:0
end_of_record
SF:lib\core\network\hive_service.dart
DA:8,0
DA:9,0
DA:10,0
DA:11,0
DA:12,0
DA:15,0
DA:16,0
DA:17,0
DA:19,0
DA:20,0
DA:21,0
DA:23,0
DA:24,0
DA:25,0
DA:27,0
DA:28,0
DA:31,0
DA:32,0
DA:33,0
DA:35,0
LF:20
LH:0
end_of_record
SF:lib\features\auth\data\data_source\local_datasource\user_local_datasource.dart
DA:9,0
DA:12,0
DA:15,0
DA:16,0
DA:19,0
DA:22,0
DA:25,0
DA:28,0
DA:29,0
DA:31,0
LF:10
LH:0
end_of_record
SF:lib\features\auth\data\data_source\remote_datasource\user_remote_datasource.dart
DA:13,0
DA:16,0
DA:19,0
DA:21,0
DA:23,0
DA:24,0
DA:27,0
DA:29,0
DA:30,0
DA:32,0
DA:36,0
DA:39,0
DA:40,0
DA:42,0
DA:44,0
DA:47,0
DA:48,0
DA:51,0
DA:52,0
DA:54,0
LF:20
LH:0
end_of_record
SF:lib\features\auth\data\repository\local_repository\user_local_respository.dart
DA:10,0
DA:14,0
DA:17,0
DA:18,0
DA:20,0
DA:25,0
DA:28,0
DA:31,0
DA:37,0
DA:41,0
DA:43,0
LF:11
LH:0
end_of_record
SF:lib\features\auth\data\repository\remote_repository\user_remote_repository.dart
DA:9,0
DA:13,0
DA:16,0
DA:19,0
DA:22,0
DA:26,0
DA:28,0
DA:33,0
DA:36,0
DA:39,0
LF:10
LH:0
end_of_record
SF:lib\features\auth\domain\use_case\user_register_usecase.dart
DA:14,2
DA:21,0
DA:28,0
DA:29,0
DA:30,0
DA:31,0
DA:32,0
DA:33,0
DA:39,1
DA:42,1
DA:45,1
DA:46,1
DA:47,1
DA:48,1
DA:49,1
DA:51,2
LF:16
LH:9
end_of_record
SF:lib\features\auth\presentation\view_model\login_view_model\login_view_model.dart
DA:92,3
DA:93,2
DA:94,2
DA:97,0
DA:101,0
DA:102,0
DA:103,0
DA:104,0
DA:105,0
DA:106,0
DA:107,0
DA:109,0
DA:116,1
DA:120,3
DA:122,2
DA:123,3
DA:126,1
DA:127,1
DA:128,3
DA:129,3
DA:130,1
DA:131,1
DA:137,1
DA:138,3
DA:140,3
DA:141,1
DA:142,1
DA:147,0
DA:148,0
DA:149,0
DA:150,0
LF:31
LH:18
end_of_record
SF:lib\features\auth\presentation\view_model\register_view_model\register_view_model.dart
DA:11,1
DA:16,2
DA:17,2
DA:20,1
DA:24,3
DA:25,2
DA:26,1
DA:27,1
DA:28,1
DA:29,1
DA:30,1
DA:35,1
DA:36,0
DA:37,0
DA:38,0
DA:39,0
DA:40,0
DA:47,1
DA:48,3
DA:49,1
DA:50,1
LF:21
LH:16
end_of_record
SF:lib\core\common\snackbar\my_snack_bar.dart
DA:3,2
DA:8,3
DA:9,1
DA:10,1
LF:4
LH:4
end_of_record
SF:lib\core\network\dio_error_interceptor.dart
DA:4,0
DA:8,0
DA:9,0
DA:10,0
DA:12,0
DA:13,0
DA:22,0
DA:23,0
DA:24,0
DA:26,0
DA:29,0
LF:11
LH:0
end_of_record
SF:lib\features\auth\data\model\user_hive_model.dart
DA:21,0
DA:28,0
DA:30,0
DA:37,0
DA:38,0
DA:39,0
DA:40,0
DA:41,0
DA:42,0
DA:43,0
DA:47,0
DA:48,0
DA:49,0
DA:50,0
DA:51,0
DA:52,0
DA:53,0
DA:56,0
DA:57,0
DA:58,0
DA:59,0
DA:60,0
DA:61,0
DA:62,0
LF:24
LH:0
end_of_record
SF:lib\features\auth\data\model\user_hive_model.g.dart
DA:13,0
DA:15,0
DA:16,0
DA:17,0
DA:19,0
DA:20,0
DA:21,0
DA:22,0
DA:23,0
DA:24,0
DA:28,0
DA:31,0
DA:32,0
DA:33,0
DA:34,0
DA:35,0
DA:36,0
DA:37,0
DA:38,0
DA:39,0
DA:40,0
DA:41,0
DA:44,0
DA:45,0
DA:47,0
DA:50,0
DA:51,0
DA:52,0
LF:28
LH:0
end_of_record
SF:lib\features\auth\domain\entity\user_entity.dart
DA:10,7
DA:18,1
DA:19,1
DA:20,1
DA:21,1
DA:22,1
DA:23,1
DA:24,1
DA:26,1
LF:9
LH:9
end_of_record
SF:lib\features\auth\data\model\user_api_model.dart
DA:17,0
DA:24,0
DA:25,0
DA:26,0
DA:28,0
DA:29,0
DA:30,0
DA:31,0
DA:32,0
DA:33,0
DA:34,0
DA:38,0
DA:39,0
DA:40,0
DA:41,0
DA:42,0
DA:43,0
DA:48,0
DA:49,0
LF:19
LH:0
end_of_record
SF:lib\features\auth\data\model\user_api_model.g.dart
DA:9,0
DA:10,0
DA:11,0
DA:12,0
DA:13,0
DA:14,0
DA:17,0
DA:18,0
DA:19,0
DA:20,0
DA:21,0
DA:22,0
DA:23,0
LF:13
LH:0
end_of_record
SF:lib\features\auth\presentation\view\Explore_page.dart
DA:4,5
DA:6,0
DA:7,0
DA:11,0
LF:4
LH:1
end_of_record
SF:lib\features\auth\presentation\view\cart_page.dart
DA:4,5
DA:6,0
DA:7,0
DA:11,0
LF:4
LH:1
end_of_record
SF:lib\features\auth\presentation\view\dashboard_page.dart
DA:9,0
DA:11,0
DA:12,0
DA:25,0
DA:27,0
DA:28,0
DA:29,0
DA:30,0
DA:31,0
DA:32,0
DA:33,0
DA:36,0
DA:38,0
DA:41,0
DA:42,0
DA:43,0
DA:44,0
DA:45,0
DA:46,0
LF:19
LH:0
end_of_record
SF:lib\features\auth\presentation\view\home_page.dart
DA:4,5
DA:6,0
DA:7,0
DA:11,0
DA:13,0
DA:14,0
DA:20,0
DA:21,0
DA:22,0
DA:23,0
DA:25,0
DA:33,0
DA:34,0
DA:35,0
DA:36,0
DA:42,0
DA:43,0
DA:44,0
DA:46,0
DA:48,0
DA:49,0
DA:50,0
DA:51,0
DA:52,0
DA:59,0
DA:60,0
DA:61,0
DA:62,0
DA:64,0
DA:69,0
DA:70,0
DA:72,0
DA:79,0
DA:80,0
DA:82,0
DA:84,0
DA:85,0
DA:87,0
DA:89,0
DA:90,0
DA:91,0
DA:92,0
DA:93,0
DA:94,0
DA:98,0
DA:99,0
DA:105,0
DA:106,0
DA:111,0
DA:112,0
DA:113,0
DA:114,0
DA:117,0
DA:119,0
DA:120,0
DA:122,0
DA:123,0
DA:128,0
DA:129,0
DA:131,0
DA:138,0
DA:147,0
DA:148,0
DA:150,0
DA:151,0
DA:152,0
DA:153,0
DA:154,0
DA:156,0
DA:161,0
DA:163,0
DA:164,0
DA:165,0
DA:166,0
DA:173,0
DA:175,0
DA:177,0
DA:178,0
DA:189,0
DA:190,0
DA:191,0
DA:194,0
DA:195,0
DA:196,0
DA:201,0
DA:202,0
DA:204,0
DA:205,0
DA:207,0
DA:209,0
DA:212,0
DA:214,0
DA:216,0
DA:217,0
DA:218,0
DA:220,0
DA:221,0
DA:222,0
DA:223,0
DA:224,0
LF:100
LH:1
end_of_record
SF:lib\features\auth\presentation\view\profile_page.dart
DA:4,5
DA:6,0
DA:7,0
DA:11,0
LF:4
LH:1
end_of_record
SF:lib\features\auth\presentation\view\wishlist_page.dart
DA:4,5
DA:6,0
DA:7,0
DA:11,0
LF:4
LH:1
end_of_record
SF:lib\features\auth\presentation\view\login_page.dart
DA:9,1
DA:11,1
DA:12,1
DA:21,0
DA:22,0
DA:23,0
DA:27,1
DA:29,1
DA:31,1
DA:32,1
DA:34,1
DA:35,1
DA:36,1
DA:38,1
DA:39,1
DA:46,1
DA:48,2
DA:53,1
DA:54,1
DA:55,1
DA:56,1
DA:61,1
DA:67,1
DA:68,1
DA:76,1
DA:77,1
DA:78,1
DA:79,1
DA:80,1
DA:85,1
DA:88,1
DA:89,1
DA:90,1
DA:92,1
DA:97,1
DA:98,1
DA:105,1
DA:107,1
DA:109,1
DA:111,1
DA:114,1
DA:122,1
DA:125,1
DA:126,1
DA:127,3
DA:128,0
DA:129,0
DA:131,0
DA:132,0
DA:137,1
DA:139,1
DA:140,1
DA:156,1
DA:169,1
DA:170,1
DA:173,1
DA:174,1
DA:181,1
DA:182,1
DA:183,0
DA:185,0
DA:186,0
LF:62
LH:52
end_of_record
SF:lib\features\auth\presentation\view_model\login_view_model\login_event.dart
DA:9,0
DA:15,0
DA:34,1
LF:3
LH:1
end_of_record
SF:lib\features\auth\presentation\view\signup_page.dart
DA:8,1
DA:9,1
DA:22,1
DA:24,2
DA:25,2
DA:26,2
DA:27,2
DA:28,1
DA:31,0
DA:32,0
DA:33,0
DA:37,1
DA:38,3
DA:39,3
DA:40,1
DA:41,1
DA:42,2
DA:43,2
DA:44,2
DA:45,2
DA:51,1
DA:53,1
DA:55,1
DA:56,1
DA:58,1
DA:59,1
DA:60,1
DA:61,1
DA:62,1
DA:63,1
DA:64,1
DA:73,1
DA:74,1
DA:81,1
DA:82,1
DA:90,1
DA:91,1
DA:99,1
DA:104,1
DA:106,1
DA:107,1
DA:115,1
DA:116,1
DA:117,3
DA:122,3
DA:129,1
DA:131,1
DA:136,1
DA:137,0
DA:138,0
DA:140,0
DA:165,1
DA:171,1
DA:174,3
DA:175,1
DA:177,1
DA:181,1
DA:182,1
DA:188,1
DA:189,1
DA:190,1
DA:191,1
DA:192,3
DA:193,1
DA:196,1
DA:197,2
DA:198,1
DA:203,1
DA:204,1
LF:69
LH:63
end_of_record
SF:lib\features\auth\presentation\view_model\register_view_model\register_event.dart
DA:13,2
LF:1
LH:1
end_of_record
SF:lib\features\auth\presentation\view_model\login_view_model\login_state.dart
DA:7,2
DA:9,1
DA:11,1
DA:12,1
DA:13,0
DA:14,1
DA:18,1
DA:19,3
LF:8
LH:7
end_of_record
SF:lib\features\auth\presentation\view_model\register_view_model\register_state.dart
DA:8,1
DA:14,2
DA:19,1
DA:24,1
DA:25,0
DA:26,1
DA:27,1
DA:31,1
DA:32,4
LF:9
LH:8
end_of_record
